


ARM Macro Assembler    Page 1 


    1 00000000         ; LCD.s
    2 00000000         ; Student names: change this to your names or look very 
                       silly
    3 00000000         ; Last modification date: change this to the last modifi
                       cation date or look very silly
    4 00000000         
    5 00000000         ; Runs on LM4F120/TM4C123
    6 00000000         ; Use SSI0 to send an 8-bit code to the ST7735 160x128 p
                       ixel LCD.
    7 00000000         
    8 00000000         ; As part of Lab 7, students need to implement these LCD
                       _WriteCommand and LCD_WriteData
    9 00000000         ; This driver assumes two low-level LCD functions
   10 00000000         
   11 00000000         ; Backlight (pin 10) connected to +3.3 V
   12 00000000         ; MISO (pin 9) unconnected
   13 00000000         ; SCK (pin 8) connected to PA2 (SSI0Clk)
   14 00000000         ; MOSI (pin 7) connected to PA5 (SSI0Tx)
   15 00000000         ; TFT_CS (pin 6) connected to PA3 (SSI0Fss)
   16 00000000         ; CARD_CS (pin 5) unconnected
   17 00000000         ; Data/Command (pin 4) connected to PA6 (GPIO)
   18 00000000         ; RESET (pin 3) connected to PA7 (GPIO)
   19 00000000         ; VCC (pin 2) connected to +3.3 V
   20 00000000         ; Gnd (pin 1) connected to ground
   21 00000000         
   22 00000000 400043FC 
                       GPIO_PORTA_DATA_R
                               EQU              0x400043FC
   23 00000000 40008008 
                       SSI0_DR_R
                               EQU              0x40008008
   24 00000000 4000800C 
                       SSI0_SR_R
                               EQU              0x4000800C
   25 00000000 00000004 
                       SSI_SR_RNE
                               EQU              0x00000004  ; SSI Receive FIFO 
                                                            Not Empty
   26 00000000 00000010 
                       SSI_SR_BSY
                               EQU              0x00000010  ; SSI Busy Bit
   27 00000000 00000002 
                       SSI_SR_TNF
                               EQU              0x00000002  ; SSI Transmit FIFO
                                                             Not Full
   28 00000000         
   29 00000000                 EXPORT           writecommand
   30 00000000                 EXPORT           writedata
   31 00000000         
   32 00000000                 AREA             |.text|, CODE, READONLY, ALIGN=
2
   33 00000000                 THUMB
   34 00000000                 ALIGN
   35 00000000         
   36 00000000         ; The Data/Command pin must be valid when the eighth bit
                        is
   37 00000000         ; sent.  The SSI module has hardware input and output FI
                       FOs
   38 00000000         ; that are 8 locations deep.  Based on the observation t



ARM Macro Assembler    Page 2 


                       hat
   39 00000000         ; the LCD interface tends to send a few commands and the
                       n a
   40 00000000         ; lot of data, the FIFOs are not used when writing
   41 00000000         ; commands, and they are used when writing data.  This
   42 00000000         ; ensures that the Data/Command pin status matches the b
                       yte
   43 00000000         ; that is actually being transmitted.
   44 00000000         ; The write command operation waits until all data has b
                       een
   45 00000000         ; sent, configures the Data/Command pin for commands, se
                       nds
   46 00000000         ; the command, and then waits for the transmission to
   47 00000000         ; finish.
   48 00000000         ; The write data operation waits until there is room in 
                       the
   49 00000000         ; transmit FIFO, configures the Data/Command pin for dat
                       a,
   50 00000000         ; and then adds the data to the transmit FIFO.
   51 00000000         ; NOTE: These functions will crash or stall indefinitely
                        if
   52 00000000         ; the SSI0 module is not initialized and enabled.
   53 00000000         
   54 00000000 40004100 
                       DC      EQU              0x40004100
   55 00000000 00000000 
                       DC_COMMAND
                               EQU              0
   56 00000000 00000040 
                       DC_DATA EQU              0x40
   57 00000000         ; This is a helper function that sends an 8-bit command 
                       to the LCD.
   58 00000000         ; Input: R0  8-bit command to transmit
   59 00000000         ; Output: none
   60 00000000         ; Assumes: SSI0 and port A have already been initialized
                        and enabled
   61 00000000         writecommand
   62 00000000         ;1) Read SSI0_SR_R and check bit 4, 
   63 00000000         STEP1
   64 00000000 4673            MOV              R3, LR
   65 00000002 4912            LDR              R1, =SSI0_SR_R
   66 00000004 6809            LDR              R1, [R1]
   67 00000006 F001 0110       AND              R1, #0x10
   68 0000000A         ;2) If bit 4 is high, loop back to step 1 (wait for BUSY
                        bit to be low)
   69 0000000A 2910            CMP              R1, #0x10
   70 0000000C D0F8            BEQ              STEP1
   71 0000000E         ;3) Clear D/C=PA6 to zero
   72 0000000E 4910            LDR              R1, =DC
   73 00000010 680A            LDR              R2, [R1]
   74 00000012 F022 0240       BIC              R2, #0x40
   75 00000016 600A            STR              R2, [R1]
   76 00000018         ;4) Write the command to SSI0_DR_R
   77 00000018 490E            LDR              R1, =SSI0_DR_R
   78 0000001A 6008            STR              R0, [R1]
   79 0000001C         ;5) Read SSI0_SR_R and check bit 4, 
   80 0000001C         CHECK1
   81 0000001C 490B            LDR              R1, =SSI0_SR_R
   82 0000001E 6809            LDR              R1, [R1]



ARM Macro Assembler    Page 3 


   83 00000020 F001 0110       AND              R1, #0x10
   84 00000024         ;6) If bit 4 is high, loop back to step 5 (wait for BUSY
                        bit to be low)
   85 00000024 2910            CMP              R1, #0x10
   86 00000026 D0F9            BEQ              CHECK1
   87 00000028         
   88 00000028 469E            MOV              LR, R3
   89 0000002A 4770            BX               LR          ;   return
   90 0000002C         
   91 0000002C         ; This is a helper function that sends an 8-bit data to 
                       the LCD.
   92 0000002C         ; Input: R0  8-bit data to transmit
   93 0000002C         ; Output: none
   94 0000002C         ; Assumes: SSI0 and port A have already been initialized
                        and enabled
   95 0000002C         writedata
   96 0000002C         ;1) Read SSI0_SR_R and check bit 1, 
   97 0000002C         BACK
   98 0000002C 4673            MOV              R3, LR
   99 0000002E 4907            LDR              R1, =SSI0_SR_R
  100 00000030 6809            LDR              R1, [R1]
  101 00000032 F001 0101       AND              R1, #0x01
  102 00000036         ;2) If bit 1 is low loop back to step 1 (wait for TNF bi
                       t to be high)
  103 00000036 2901            CMP              R1, #0x01
  104 00000038 D1F8            BNE              BACK
  105 0000003A         ;3) Set D/C=PA6 to one
  106 0000003A 4905            LDR              R1, =DC
  107 0000003C 680A            LDR              R2, [R1]
  108 0000003E F042 0240       ORR              R2, #0x40
  109 00000042 600A            STR              R2, [R1]
  110 00000044         ;4) Write the 8-bit data to SSI0_DR_R
  111 00000044 4903            LDR              R1, =SSI0_DR_R
  112 00000046 6008            STR              R0, [R1]
  113 00000048         
  114 00000048 469E            MOV              LR, R3
  115 0000004A 4770            BX               LR          ;   return
  116 0000004C         
  117 0000004C         ;***************************************************
  118 0000004C         ; This is a library for the Adafruit 1.8" SPI display.
  119 0000004C         ; This library works with the Adafruit 1.8" TFT Breakout
                        w/SD card
  120 0000004C         ; ----> http://www.adafruit.com/products/358
  121 0000004C         ; as well as Adafruit raw 1.8" TFT display
  122 0000004C         ; ----> http://www.adafruit.com/products/618
  123 0000004C         ;
  124 0000004C         ; Check out the links above for our tutorials and wiring
                        diagrams
  125 0000004C         ; These displays use SPI to communicate, 4 or 5 pins are
                        required to
  126 0000004C         ; interface (RST is optional)
  127 0000004C         ; Adafruit invests time and resources providing this ope
                       n source code,
  128 0000004C         ; please support Adafruit and open-source hardware by pu
                       rchasing
  129 0000004C         ; products from Adafruit!
  130 0000004C         ;
  131 0000004C         ; Written by Limor Fried/Ladyada for Adafruit Industries
                       .



ARM Macro Assembler    Page 4 


  132 0000004C         ; MIT license, all text above must be included in any re
                       distribution
  133 0000004C         ;****************************************************
  134 0000004C         
  135 0000004C                 ALIGN                        ; make sure the end
                                                             of this section is
                                                             aligned
  136 0000004C                 END                          ; end of file
              4000800C 
              40004100 
              40008008 
Command Line: --debug --xref --cpu=Cortex-M4 --apcs=interwork --depend=.\lcd.d 
-o.\lcd.o -IC:\Keil\ARM\RV31\INC -IC:\Keil\ARM\CMSIS\Include -IC:\Keil\ARM\Inc\
Luminary --list=.\lcd.lst LCD.s



ARM Macro Assembler    Page 1 Alphabetic symbol ordering
Relocatable symbols

.text 00000000

Symbol: .text
   Definitions
      At line 32 in file LCD.s
   Uses
      None
Comment: .text unused
BACK 0000002C

Symbol: BACK
   Definitions
      At line 97 in file LCD.s
   Uses
      At line 104 in file LCD.s
Comment: BACK used once
CHECK1 0000001C

Symbol: CHECK1
   Definitions
      At line 80 in file LCD.s
   Uses
      At line 86 in file LCD.s
Comment: CHECK1 used once
STEP1 00000000

Symbol: STEP1
   Definitions
      At line 63 in file LCD.s
   Uses
      At line 70 in file LCD.s
Comment: STEP1 used once
writecommand 00000000

Symbol: writecommand
   Definitions
      At line 61 in file LCD.s
   Uses
      At line 29 in file LCD.s
Comment: writecommand used once
writedata 0000002C

Symbol: writedata
   Definitions
      At line 95 in file LCD.s
   Uses
      At line 30 in file LCD.s
Comment: writedata used once
6 symbols



ARM Macro Assembler    Page 1 Alphabetic symbol ordering
Absolute symbols

DC 40004100

Symbol: DC
   Definitions
      At line 54 in file LCD.s
   Uses
      At line 72 in file LCD.s
      At line 106 in file LCD.s

DC_COMMAND 00000000

Symbol: DC_COMMAND
   Definitions
      At line 55 in file LCD.s
   Uses
      None
Comment: DC_COMMAND unused
DC_DATA 00000040

Symbol: DC_DATA
   Definitions
      At line 56 in file LCD.s
   Uses
      None
Comment: DC_DATA unused
GPIO_PORTA_DATA_R 400043FC

Symbol: GPIO_PORTA_DATA_R
   Definitions
      At line 22 in file LCD.s
   Uses
      None
Comment: GPIO_PORTA_DATA_R unused
SSI0_DR_R 40008008

Symbol: SSI0_DR_R
   Definitions
      At line 23 in file LCD.s
   Uses
      At line 77 in file LCD.s
      At line 111 in file LCD.s

SSI0_SR_R 4000800C

Symbol: SSI0_SR_R
   Definitions
      At line 24 in file LCD.s
   Uses
      At line 65 in file LCD.s
      At line 81 in file LCD.s
      At line 99 in file LCD.s

SSI_SR_BSY 00000010

Symbol: SSI_SR_BSY
   Definitions
      At line 26 in file LCD.s
   Uses
      None



ARM Macro Assembler    Page 2 Alphabetic symbol ordering
Absolute symbols

Comment: SSI_SR_BSY unused
SSI_SR_RNE 00000004

Symbol: SSI_SR_RNE
   Definitions
      At line 25 in file LCD.s
   Uses
      None
Comment: SSI_SR_RNE unused
SSI_SR_TNF 00000002

Symbol: SSI_SR_TNF
   Definitions
      At line 27 in file LCD.s
   Uses
      None
Comment: SSI_SR_TNF unused
9 symbols
347 symbols in table
